<component name="libraryTable">
  <library name="junit-4.12">
    <CLASSES>
      <root url="jar://$USER_HOME$/.gradle/wrapper/dists/gradle-5.6-bin/ez4di095eg6cfomw17rqphhsg/gradle-5.6/lib/plugins/junit-4.12.jar!/" />
    </CLASSES>
    <JAVADOC />
    <SOURCES />
  </library>
</component>